<?xml version="1.0" encoding="UTF-8"?>
<!-- Generated by org.testng.reporters.JUnitXMLReporter -->
<testsuite hostname="LAPTOP-SJRP3D7L" name="Default test" tests="2" failures="2" timestamp="14 Feb 2021 18:12:51 GMT" time="45.24" errors="0">
  <testcase name="runScenario" time="37.296" classname="parallel.MyTestRunner">
    <failure type="java.lang.NullPointerException">
      <![CDATA[java.lang.NullPointerException
	at wallet.pages.ReviewsPage.houverstars(ReviewsPage.java:30)
	at wallet.pages.ReviewsPage.clickonstar_hovered(ReviewsPage.java:42)
	at parallel.Walletcheck.reviewstars_are_hovered_and_clicked(Walletcheck.java:40)
	at ✽.reviewstars are hovered and  clicked(file:///C:/Users/kisho/eclipse-workspace/Test.Hybrid/src/test/resources/com/parallel/Walletcheck.feature:14)
]]>
    </failure>
  </testcase> <!-- runScenario -->
  <testcase name="runScenario" time="43.895" classname="parallel.MyTestRunner">
    <failure type="java.lang.AssertionError" message="expected [] but found [Hello World]">
      <![CDATA[java.lang.AssertionError: expected [] but found [Hello World]
	at org.testng.Assert.fail(Assert.java:94)
	at org.testng.Assert.failNotEquals(Assert.java:496)
	at org.testng.Assert.assertEquals(Assert.java:125)
	at org.testng.Assert.assertEquals(Assert.java:178)
	at org.testng.Assert.assertEquals(Assert.java:188)
	at parallel.checktest.post_the_message(checktest.java:64)
	at ✽.Post the message(file:///C:/Users/kisho/eclipse-workspace/Test.Hybrid/src/test/resources/com/parallel/check.feature:8)
]]>
    </failure>
  </testcase> <!-- runScenario -->
</testsuite> <!-- Default test -->
