<?xml version="1.0" encoding="UTF-8"?>
<testng-results skipped="0" failed="1" total="2" passed="1">
  <reporter-output>
  </reporter-output>
  <suite name="Suite" duration-ms="813093" started-at="2021-02-17T07:30:31Z" finished-at="2021-02-17T07:44:04Z">
    <groups>
      <group name="cucumber">
        <method signature="AbstractTestNGCucumberTests.runScenario(io.cucumber.testng.PickleWrapper, io.cucumber.testng.FeatureWrapper)[pri:0, instance:parallel.Runner@62833051]" name="runScenario" class="io.cucumber.testng.AbstractTestNGCucumberTests"/>
      </group> <!-- cucumber -->
    </groups>
    <test name="Test" duration-ms="813093" started-at="2021-02-17T07:30:31Z" finished-at="2021-02-17T07:44:04Z">
      <class name="parallel.Runner">
        <test-method status="PASS" signature="setUpClass()[pri:0, instance:parallel.Runner@62833051]" name="setUpClass" is-config="true" duration-ms="780" started-at="2021-02-16T23:30:31Z" finished-at="2021-02-16T23:30:32Z">
          <reporter-output>
          </reporter-output>
        </test-method> <!-- setUpClass -->
        <test-method status="PASS" signature="runScenario(io.cucumber.testng.PickleWrapper, io.cucumber.testng.FeatureWrapper)[pri:0, instance:parallel.Runner@62833051]" name="runScenario" duration-ms="808672" started-at="2021-02-16T23:30:32Z" description="Runs Cucumber Scenarios" data-provider="scenarios" finished-at="2021-02-16T23:44:00Z">
          <params>
            <param index="0">
              <value>
                <![CDATA["validating details"]]>
              </value>
            </param>
            <param index="1">
              <value>
                <![CDATA["Optional[testing login details]"]]>
              </value>
            </param>
          </params>
          <reporter-output>
          </reporter-output>
        </test-method> <!-- runScenario -->
        <test-method status="FAIL" signature="runScenario(io.cucumber.testng.PickleWrapper, io.cucumber.testng.FeatureWrapper)[pri:0, instance:parallel.Runner@62833051]" name="runScenario" duration-ms="811746" started-at="2021-02-16T23:30:32Z" description="Runs Cucumber Scenarios" data-provider="scenarios" finished-at="2021-02-16T23:44:03Z">
          <params>
            <param index="0">
              <value>
                <![CDATA["Checking WalletHub feature"]]>
              </value>
            </param>
            <param index="1">
              <value>
                <![CDATA["Optional[Login to Wallet Hub.]"]]>
              </value>
            </param>
          </params>
          <exception class="org.openqa.selenium.NoSuchElementException">
            <message>
              <![CDATA[no such element: Unable to locate element: {"method":"xpath","selector":"//a/span[@class='nav-txt' and normalize-space()='Reviews']"}
  (Session info: chrome=88.0.4324.182)
For documentation on this error, please visit: http://seleniumhq.org/exceptions/no_such_element.html
Build info: version: '3.10.0', revision: '176b4a9', time: '2018-03-02T19:03:16.397Z'
System info: host: 'LAPTOP-SJRP3D7L', ip: '192.168.0.21', os.name: 'Windows 10', os.arch: 'amd64', os.version: '10.0', java.version: '1.8.0_211'
Driver info: org.openqa.selenium.chrome.ChromeDriver
Capabilities {acceptInsecureCerts: false, browserName: chrome, browserVersion: 88.0.4324.182, chrome: {chromedriverVersion: 88.0.4324.96 (68dba2d8a0b14..., userDataDir: C:\Users\kisho\AppData\Loca...}, goog:chromeOptions: {debuggerAddress: localhost:57972}, javascriptEnabled: true, networkConnectionEnabled: false, pageLoadStrategy: normal, platform: WINDOWS, platformName: WINDOWS, proxy: Proxy(), setWindowRect: true, strictFileInteractability: false, timeouts: {implicit: 0, pageLoad: 300000, script: 30000}, unhandledPromptBehavior: dismiss and notify, webauthn:extension:largeBlob: true, webauthn:virtualAuthenticators: true}
Session ID: 75e6bf901710415a53ea41d82b0b3934
*** Element info: {Using=xpath, value=//a/span[@class='nav-txt' and normalize-space()='Reviews']}]]>
            </message>
            <full-stacktrace>
              <![CDATA[org.openqa.selenium.NoSuchElementException: no such element: Unable to locate element: {"method":"xpath","selector":"//a/span[@class='nav-txt' and normalize-space()='Reviews']"}
  (Session info: chrome=88.0.4324.182)
For documentation on this error, please visit: http://seleniumhq.org/exceptions/no_such_element.html
Build info: version: '3.10.0', revision: '176b4a9', time: '2018-03-02T19:03:16.397Z'
System info: host: 'LAPTOP-SJRP3D7L', ip: '192.168.0.21', os.name: 'Windows 10', os.arch: 'amd64', os.version: '10.0', java.version: '1.8.0_211'
Driver info: org.openqa.selenium.chrome.ChromeDriver
Capabilities {acceptInsecureCerts: false, browserName: chrome, browserVersion: 88.0.4324.182, chrome: {chromedriverVersion: 88.0.4324.96 (68dba2d8a0b14..., userDataDir: C:\Users\kisho\AppData\Loca...}, goog:chromeOptions: {debuggerAddress: localhost:57972}, javascriptEnabled: true, networkConnectionEnabled: false, pageLoadStrategy: normal, platform: WINDOWS, platformName: WINDOWS, proxy: Proxy(), setWindowRect: true, strictFileInteractability: false, timeouts: {implicit: 0, pageLoad: 300000, script: 30000}, unhandledPromptBehavior: dismiss and notify, webauthn:extension:largeBlob: true, webauthn:virtualAuthenticators: true}
Session ID: 75e6bf901710415a53ea41d82b0b3934
*** Element info: {Using=xpath, value=//a/span[@class='nav-txt' and normalize-space()='Reviews']}
	at sun.reflect.NativeConstructorAccessorImpl.newInstance0(Native Method)
	at sun.reflect.NativeConstructorAccessorImpl.newInstance(Unknown Source)
	at sun.reflect.DelegatingConstructorAccessorImpl.newInstance(Unknown Source)
	at java.lang.reflect.Constructor.newInstance(Unknown Source)
	at org.openqa.selenium.remote.http.W3CHttpResponseCodec.createException(W3CHttpResponseCodec.java:187)
	at org.openqa.selenium.remote.http.W3CHttpResponseCodec.decode(W3CHttpResponseCodec.java:122)
	at org.openqa.selenium.remote.http.W3CHttpResponseCodec.decode(W3CHttpResponseCodec.java:49)
	at org.openqa.selenium.remote.HttpCommandExecutor.execute(HttpCommandExecutor.java:160)
	at org.openqa.selenium.remote.service.DriverCommandExecutor.execute(DriverCommandExecutor.java:83)
	at org.openqa.selenium.remote.RemoteWebDriver.execute(RemoteWebDriver.java:601)
	at org.openqa.selenium.remote.RemoteWebDriver.findElement(RemoteWebDriver.java:371)
	at org.openqa.selenium.remote.RemoteWebDriver.findElementByXPath(RemoteWebDriver.java:473)
	at org.openqa.selenium.By$ByXPath.findElement(By.java:361)
	at org.openqa.selenium.remote.RemoteWebDriver.findElement(RemoteWebDriver.java:363)
	at wallet.pages.ReviewsPage.clickreviewlink(ReviewsPage.java:27)
	at wallet.pages.ReviewsPage.clickonstar_hovered(ReviewsPage.java:51)
	at parallel.Walletcheck.reviewstars_are_hovered_and_clicked(Walletcheck.java:47)
	at ✽.reviewstars are hovered and  clicked(file:///C:/Users/kisho/eclipse-workspace/Test.Hybrid/src/test/resources/com/parallel/Walletcheck.feature:14)
]]>
            </full-stacktrace>
          </exception> <!-- org.openqa.selenium.NoSuchElementException -->
          <reporter-output>
          </reporter-output>
        </test-method> <!-- runScenario -->
        <test-method status="PASS" signature="tearDownClass()[pri:0, instance:parallel.Runner@62833051]" name="tearDownClass" is-config="true" duration-ms="522" started-at="2021-02-16T23:44:03Z" finished-at="2021-02-16T23:44:04Z">
          <reporter-output>
          </reporter-output>
        </test-method> <!-- tearDownClass -->
      </class> <!-- parallel.Runner -->
    </test> <!-- Test -->
  </suite> <!-- Suite -->
</testng-results>
